0 info it worked if it ends with ok
1 verbose cli [ '/usr/local/bin/node',
1 verbose cli   '/usr/local/bin/npm',
1 verbose cli   'i',
1 verbose cli   '--save',
1 verbose cli   'express' ]
2 info using npm@1.4.28
3 info using node@v0.10.32
4 error Failed to parse json
4 error Unexpected token R
5 error File: /opt/RestEasy/package.json
6 error Failed to parse package.json data.
6 error package.json must be actual JSON, not just JavaScript.
6 error
6 error This is not a bug in npm.
6 error Tell the package author to fix their package.json file. JSON.parse
7 error System Linux 2.6.32-042stab092.3
8 error command "/usr/local/bin/node" "/usr/local/bin/npm" "i" "--save" "express"
9 error cwd /opt/RestEasy
10 error node -v v0.10.32
11 error npm -v 1.4.28
12 error file /opt/RestEasy/package.json
13 error code EJSONPARSE
14 verbose exit [ 1, true ]
