
/opt/RestEasy/node_modules/sqlite3/lib/trace.js:28
                    throw err;
                          ^
ReferenceError: True is not defined
    at Statement.<anonymous> (/opt/RestEasy/routes/login.js:42:33)
--> in Database#run('Insert Into Users (username, pass_hash, isAdmin, isActive) Values(?, ?, 0, 1 )', 'swimmadude66', 'b97111e24a7985d3dbb473d1812ad3b9e9e594e521622ff280e360059e30ffcd', [Function])
    at /opt/RestEasy/routes/login.js:36:9
    at Layer.handle [as handle_request] (/opt/RestEasy/node_modules/express/lib/router/layer.js:82:5)
    at next (/opt/RestEasy/node_modules/express/lib/router/route.js:110:13)
    at Route.dispatch (/opt/RestEasy/node_modules/express/lib/router/route.js:91:3)
    at Layer.handle [as handle_request] (/opt/RestEasy/node_modules/express/lib/router/layer.js:82:5)
    at /opt/RestEasy/node_modules/express/lib/router/index.js:267:22
    at Function.proto.process_params (/opt/RestEasy/node_modules/express/lib/router/index.js:321:12)
    at next (/opt/RestEasy/node_modules/express/lib/router/index.js:261:10)
    at Function.proto.handle (/opt/RestEasy/node_modules/express/lib/router/index.js:166:3)

/opt/RestEasy/node_modules/sqlite3/lib/trace.js:28
                    throw err;
                          ^
ReferenceError: True is not defined
    at Statement.<anonymous> (/opt/RestEasy/routes/login.js:42:33)
--> in Database#run('Insert Into Users (username, pass_hash, isAdmin, isActive) Values(?, ?, 0, 1 )', 'swimmadude66', 'b97111e24a7985d3dbb473d1812ad3b9e9e594e521622ff280e360059e30ffcd', [Function])
    at /opt/RestEasy/routes/login.js:36:9
    at Layer.handle [as handle_request] (/opt/RestEasy/node_modules/express/lib/router/layer.js:82:5)
    at next (/opt/RestEasy/node_modules/express/lib/router/route.js:110:13)
    at Route.dispatch (/opt/RestEasy/node_modules/express/lib/router/route.js:91:3)
    at Layer.handle [as handle_request] (/opt/RestEasy/node_modules/express/lib/router/layer.js:82:5)
    at /opt/RestEasy/node_modules/express/lib/router/index.js:267:22
    at Function.proto.process_params (/opt/RestEasy/node_modules/express/lib/router/index.js:321:12)
    at next (/opt/RestEasy/node_modules/express/lib/router/index.js:261:10)
    at Function.proto.handle (/opt/RestEasy/node_modules/express/lib/router/index.js:166:3)

/opt/RestEasy/node_modules/sqlite3/lib/trace.js:28
                    throw err;
                          ^
ReferenceError: True is not defined
    at Statement.<anonymous> (/opt/RestEasy/routes/login.js:42:33)
--> in Database#run('Insert Into Users (username, pass_hash, isAdmin, isActive) Values(?, ?, 0, 1 )', 'swimmadude66', 'b97111e24a7985d3dbb473d1812ad3b9e9e594e521622ff280e360059e30ffcd', [Function])
    at /opt/RestEasy/routes/login.js:36:9
    at Layer.handle [as handle_request] (/opt/RestEasy/node_modules/express/lib/router/layer.js:82:5)
    at next (/opt/RestEasy/node_modules/express/lib/router/route.js:110:13)
    at Route.dispatch (/opt/RestEasy/node_modules/express/lib/router/route.js:91:3)
    at Layer.handle [as handle_request] (/opt/RestEasy/node_modules/express/lib/router/layer.js:82:5)
    at /opt/RestEasy/node_modules/express/lib/router/index.js:267:22
    at Function.proto.process_params (/opt/RestEasy/node_modules/express/lib/router/index.js:321:12)
    at next (/opt/RestEasy/node_modules/express/lib/router/index.js:261:10)
    at Function.proto.handle (/opt/RestEasy/node_modules/express/lib/router/index.js:166:3)
